<?xml version="1.0" encoding="UTF-8"?>
<!-- Generated by org.testng.reporters.JUnitXMLReporter -->
<testsuite ignored="0" hostname="DESKTOP-HFLJFO0" failures="1" tests="2" name="Test" time="31.713" errors="0" timestamp="2020-04-27T19:34:49 IST">
  <testcase classname="listenerClass.ClassGFOrListeners" name="LaunchGoogle" time="15.77"/>
  <testcase classname="listenerClass.ClassGFOrListeners" name="Launchyahoo" time="15.721">
    <failure type="java.lang.AssertionError" message="expected [Google] but found [Yahoo India | News, Finance, Cricket, Lifestyle and Entertainment]">
      <![CDATA[java.lang.AssertionError: expected [Google] but found [Yahoo India | News, Finance, Cricket, Lifestyle and Entertainment]
at listenerClass.ClassGFOrListeners.Launchyahoo(ClassGFOrListeners.java:32)
at java.base/java.util.ArrayList.forEach(ArrayList.java:1510)
... Removed 32 stack frames]]>
    </failure>
  </testcase> <!-- Launchyahoo -->
</testsuite> <!-- Test -->
