<?xml version="1.0" encoding="UTF-8"?>
<testng-results ignored="0" total="1" passed="1" failed="0" skipped="0">
  <reporter-output>
  </reporter-output>
  <suite started-at="2020-05-01T12:42:33 IST" name="Default suite" finished-at="2020-05-01T12:42:44 IST" duration-ms="11473">
    <groups>
    </groups>
    <test started-at="2020-05-01T12:42:33 IST" name="Default test" finished-at="2020-05-01T12:42:44 IST" duration-ms="11473">
      <class name="side_form.tt">
        <test-method is-config="true" signature="Natigate()[pri:0, instance:side_form.tt@1d082e88]" started-at="2020-05-01T12:42:33 IST" name="Natigate" finished-at="2020-05-01T12:42:43 IST" duration-ms="10808" status="PASS">
          <reporter-output>
          </reporter-output>
        </test-method> <!-- Natigate -->
        <test-method signature="LaunchBrowser()[pri:0, instance:side_form.tt@1d082e88]" started-at="2020-05-01T12:42:43 IST" name="LaunchBrowser" finished-at="2020-05-01T12:42:44 IST" duration-ms="338" status="PASS">
          <reporter-output>
          </reporter-output>
        </test-method> <!-- LaunchBrowser -->
        <test-method is-config="true" signature="closeB()[pri:0, instance:side_form.tt@1d082e88]" started-at="2020-05-01T12:42:44 IST" name="closeB" finished-at="2020-05-01T12:42:44 IST" duration-ms="282" status="PASS">
          <reporter-output>
          </reporter-output>
        </test-method> <!-- closeB -->
      </class> <!-- side_form.tt -->
    </test> <!-- Default test -->
  </suite> <!-- Default suite -->
</testng-results>
